<?xml version="1.0" encoding="UTF-8"?>
<!-- Generated by org.testng.reporters.JUnitXMLReporter -->
<testsuite ignored="1" hostname="HeartPC" failures="0" tests="2" name="Default test" time="55.36" errors="0" timestamp="2022-12-13T21:38:10 SGT">
  <testcase classname="End2EndProjects.FlightBooking.ErrorValidationsTest" name="infantErrorTest" time="3.607"/>
  <testcase classname="End2EndProjects.FlightBooking.ErrorValidationsTest" name="infantErrorTest" time="4.282"/>
  <testcase classname="End2EndProjects.FlightBooking.ErrorValidationsTest" name="minAdultErrorTest" time="0.0">
    <ignored/>
  </testcase> <!-- minAdultErrorTest -->
</testsuite> <!-- Default test -->
